<?xml version="1.0" encoding="UTF-8"?>
<!-- Generated by org.testng.reporters.JUnitReportReporter -->
<testsuite hostname="DESKTOP-4PMVKQT" failures="0" tests="3" name="com.Test.Test_001" time="65.806" errors="0" timestamp="2022-07-10T02:41:05 PDT" skipped="0">
  <testcase classname="com.Test.Test_001" name="verifytest001" time="19.450"/>
  <system-out/>
  <testcase classname="com.Test.Test_001" name="verifytest003" time="26.210"/>
  <system-out/>
  <testcase classname="com.Test.Test_001" name="verifytest002" time="20.146"/>
  <system-out/>
</testsuite> <!-- com.Test.Test_001 -->
